<?xml version="1.0" encoding="utf-8"?><testsuites><testsuite name="pytest" errors="0" failures="0" skipped="0" tests="3" time="46.036" timestamp="2020-11-03T18:34:36.357162" hostname="DESKTOP-BL35TLB"><testcase classname="test_HomePage.TestHomePage" name="test_formSubmission[getData0]" time="10.682" /><testcase classname="test_HomePage.TestHomePage" name="test_formSubmission[getData1]" time="4.553" /><testcase classname="test_e2e.TestOne" name="test_e2e" time="30.758" /></testsuite></testsuites>